[2018-10-07 12:19:41]server | Charles\HttpServer Object
(
    [httpHandler] => 
    [onConnect] => 
    [onReceive] => 
    [onClose] => Array
        (
            [0] => Charles\HttpServer Object
 *RECURSION*
            [1] => onClose
        )

    [onPacket] => 
    [onBufferFull] => 
    [onBufferEmpty] => 
    [onStart] => Array
        (
            [0] => Charles\HttpServer Object
 *RECURSION*
            [1] => onStart
        )

    [onShutdown] => 
    [onWorkerStart] => Array
        (
            [0] => Charles\HttpServer Object
 *RECURSION*
            [1] => onWorkerStart
        )

    [onWorkerStop] => 
    [onWorkerExit] => 
    [onWorkerError] => Array
        (
            [0] => Charles\HttpServer Object
 *RECURSION*
            [1] => onWorkerError
        )

    [onTask] => 
    [onFinish] => 
    [onManagerStart] => Array
        (
            [0] => Charles\HttpServer Object
 *RECURSION*
            [1] => onManagerStart
        )

    [onManagerStop] => 
    [onPipeMessage] => 
    [connections] => Swoole\Connection\Iterator Object
        (
        )

    [host] => 127.0.0.1
    [port] => 9951
    [type] => 1
    [mode] => 3
    [ports] => Array
        (
            [0] => Swoole\Server\Port Object
                (
                    [onConnect] => 
                    [onReceive] => 
                    [onClose] => Array
                        (
                            [0] => Charles\HttpServer Object
 *RECURSION*
                            [1] => onClose
                        )

                    [onPacket] => 
                    [onBufferFull] => 
                    [onBufferEmpty] => 
                    [onRequest] => 
                    [onHandShake] => 
                    [onMessage] => 
                    [onOpen] => 
                    [host] => 127.0.0.1
                    [port] => 9951
                    [type] => 1
                    [sock] => 3
                    [setting] => Array
                        (
                            [daemonize] => 1
                            [reactor_num] => 2
                            [worker_num] => 4
                            [backlog] => 128
                            [max_request] => 50
                            [dispatch_mode] => 3
                            [heartbeat_check_interval] => 30
                            [heartbeat_idle_time] => 60
                            [log_file] => /Users/charlesdong/Projects/PHP/swoole/swoole_http_server.log
                        )

                    [connections] => Swoole\Connection\Iterator Object
                        (
                        )

                )

        )

    [master_pid] => 1390
    [manager_pid] => 1391
    [worker_id] => 0
    [taskworker] => 
    [worker_pid] => 1392
    [onRequest] => Array
        (
            [0] => Charles\HttpServer Object
 *RECURSION*
            [1] => onRequest
        )

    [onHandshake] => 
    [setting] => Array
        (
            [daemonize] => 1
            [reactor_num] => 2
            [worker_num] => 4
            [backlog] => 128
            [max_request] => 50
            [dispatch_mode] => 3
            [heartbeat_check_interval] => 30
            [heartbeat_idle_time] => 60
            [log_file] => /Users/charlesdong/Projects/PHP/swoole/swoole_http_server.log
            [open_http_protocol] => 1
            [open_mqtt_protocol] => 
            [open_eof_check] => 
            [open_length_check] => 
            [task_worker_num] => 0
            [buffer_output_size] => 2097152
            [max_connection] => 256
        )

)

[2018-10-07 12:19:41]httpHandler-0 | 
[2018-10-07 12:19:41]httpHandler-1 | Charles\HttpHandler Object
(
)

[2018-10-07 12:19:41]server | Charles\HttpServer Object
(
    [httpHandler] => 
    [onConnect] => 
    [onReceive] => 
    [onClose] => Array
        (
            [0] => Charles\HttpServer Object
 *RECURSION*
            [1] => onClose
        )

    [onPacket] => 
    [onBufferFull] => 
    [onBufferEmpty] => 
    [onStart] => Array
        (
            [0] => Charles\HttpServer Object
 *RECURSION*
            [1] => onStart
        )

    [onShutdown] => 
    [onWorkerStart] => Array
        (
            [0] => Charles\HttpServer Object
 *RECURSION*
            [1] => onWorkerStart
        )

    [onWorkerStop] => 
    [onWorkerExit] => 
    [onWorkerError] => Array
        (
            [0] => Charles\HttpServer Object
 *RECURSION*
            [1] => onWorkerError
        )

    [onTask] => 
    [onFinish] => 
    [onManagerStart] => Array
        (
            [0] => Charles\HttpServer Object
 *RECURSION*
            [1] => onManagerStart
        )

    [onManagerStop] => 
    [onPipeMessage] => 
    [connections] => Swoole\Connection\Iterator Object
        (
        )

    [host] => 127.0.0.1
    [port] => 9951
    [type] => 1
    [mode] => 3
    [ports] => Array
        (
            [0] => Swoole\Server\Port Object
                (
                    [onConnect] => 
                    [onReceive] => 
                    [onClose] => Array
                        (
                            [0] => Charles\HttpServer Object
 *RECURSION*
                            [1] => onClose
                        )

                    [onPacket] => 
                    [onBufferFull] => 
                    [onBufferEmpty] => 
                    [onRequest] => 
                    [onHandShake] => 
                    [onMessage] => 
                    [onOpen] => 
                    [host] => 127.0.0.1
                    [port] => 9951
                    [type] => 1
                    [sock] => 3
                    [setting] => Array
                        (
                            [daemonize] => 1
                            [reactor_num] => 2
                            [worker_num] => 4
                            [backlog] => 128
                            [max_request] => 50
                            [dispatch_mode] => 3
                            [heartbeat_check_interval] => 30
                            [heartbeat_idle_time] => 60
                            [log_file] => /Users/charlesdong/Projects/PHP/swoole/swoole_http_server.log
                        )

                    [connections] => Swoole\Connection\Iterator Object
                        (
                        )

                )

        )

    [master_pid] => 1390
    [manager_pid] => 1391
    [worker_id] => 1
    [taskworker] => 
    [worker_pid] => 1393
    [onRequest] => Array
        (
            [0] => Charles\HttpServer Object
 *RECURSION*
            [1] => onRequest
        )

    [onHandshake] => 
    [setting] => Array
        (
            [daemonize] => 1
            [reactor_num] => 2
            [worker_num] => 4
            [backlog] => 128
            [max_request] => 50
            [dispatch_mode] => 3
            [heartbeat_check_interval] => 30
            [heartbeat_idle_time] => 60
            [log_file] => /Users/charlesdong/Projects/PHP/swoole/swoole_http_server.log
            [open_http_protocol] => 1
            [open_mqtt_protocol] => 
            [open_eof_check] => 
            [open_length_check] => 
            [task_worker_num] => 0
            [buffer_output_size] => 2097152
            [max_connection] => 256
        )

)

[2018-10-07 12:19:41]server | Charles\HttpServer Object
(
    [httpHandler] => 
    [onConnect] => 
    [onReceive] => 
    [onClose] => Array
        (
            [0] => Charles\HttpServer Object
 *RECURSION*
            [1] => onClose
        )

    [onPacket] => 
    [onBufferFull] => 
    [onBufferEmpty] => 
    [onStart] => Array
        (
            [0] => Charles\HttpServer Object
 *RECURSION*
            [1] => onStart
        )

    [onShutdown] => 
    [onWorkerStart] => Array
        (
            [0] => Charles\HttpServer Object
 *RECURSION*
            [1] => onWorkerStart
        )

    [onWorkerStop] => 
    [onWorkerExit] => 
    [onWorkerError] => Array
        (
            [0] => Charles\HttpServer Object
 *RECURSION*
            [1] => onWorkerError
        )

    [onTask] => 
    [onFinish] => 
    [onManagerStart] => Array
        (
            [0] => Charles\HttpServer Object
 *RECURSION*
            [1] => onManagerStart
        )

    [onManagerStop] => 
    [onPipeMessage] => 
    [connections] => Swoole\Connection\Iterator Object
        (
        )

    [host] => 127.0.0.1
    [port] => 9951
    [type] => 1
    [mode] => 3
    [ports] => Array
        (
            [0] => Swoole\Server\Port Object
                (
                    [onConnect] => 
                    [onReceive] => 
                    [onClose] => Array
                        (
                            [0] => Charles\HttpServer Object
 *RECURSION*
                            [1] => onClose
                        )

                    [onPacket] => 
                    [onBufferFull] => 
                    [onBufferEmpty] => 
                    [onRequest] => 
                    [onHandShake] => 
                    [onMessage] => 
                    [onOpen] => 
                    [host] => 127.0.0.1
                    [port] => 9951
                    [type] => 1
                    [sock] => 3
                    [setting] => Array
                        (
                            [daemonize] => 1
                            [reactor_num] => 2
                            [worker_num] => 4
                            [backlog] => 128
                            [max_request] => 50
                            [dispatch_mode] => 3
                            [heartbeat_check_interval] => 30
                            [heartbeat_idle_time] => 60
                            [log_file] => /Users/charlesdong/Projects/PHP/swoole/swoole_http_server.log
                        )

                    [connections] => Swoole\Connection\Iterator Object
                        (
                        )

                )

        )

    [master_pid] => 1390
    [manager_pid] => 1391
    [worker_id] => 2
    [taskworker] => 
    [worker_pid] => 1394
    [onRequest] => Array
        (
            [0] => Charles\HttpServer Object
 *RECURSION*
            [1] => onRequest
        )

    [onHandshake] => 
    [setting] => Array
        (
            [daemonize] => 1
            [reactor_num] => 2
            [worker_num] => 4
            [backlog] => 128
            [max_request] => 50
            [dispatch_mode] => 3
            [heartbeat_check_interval] => 30
            [heartbeat_idle_time] => 60
            [log_file] => /Users/charlesdong/Projects/PHP/swoole/swoole_http_server.log
            [open_http_protocol] => 1
            [open_mqtt_protocol] => 
            [open_eof_check] => 
            [open_length_check] => 
            [task_worker_num] => 0
            [buffer_output_size] => 2097152
            [max_connection] => 256
        )

)

[2018-10-07 12:19:41]httpHandler-0 | 
[2018-10-07 12:19:41]server | Charles\HttpServer Object
(
    [httpHandler] => 
    [onConnect] => 
    [onReceive] => 
    [onClose] => Array
        (
            [0] => Charles\HttpServer Object
 *RECURSION*
            [1] => onClose
        )

    [onPacket] => 
    [onBufferFull] => 
    [onBufferEmpty] => 
    [onStart] => Array
        (
            [0] => Charles\HttpServer Object
 *RECURSION*
            [1] => onStart
        )

    [onShutdown] => 
    [onWorkerStart] => Array
        (
            [0] => Charles\HttpServer Object
 *RECURSION*
            [1] => onWorkerStart
        )

    [onWorkerStop] => 
    [onWorkerExit] => 
    [onWorkerError] => Array
        (
            [0] => Charles\HttpServer Object
 *RECURSION*
            [1] => onWorkerError
        )

    [onTask] => 
    [onFinish] => 
    [onManagerStart] => Array
        (
            [0] => Charles\HttpServer Object
 *RECURSION*
            [1] => onManagerStart
        )

    [onManagerStop] => 
    [onPipeMessage] => 
    [connections] => Swoole\Connection\Iterator Object
        (
        )

    [host] => 127.0.0.1
    [port] => 9951
    [type] => 1
    [mode] => 3
    [ports] => Array
        (
            [0] => Swoole\Server\Port Object
                (
                    [onConnect] => 
                    [onReceive] => 
                    [onClose] => Array
                        (
                            [0] => Charles\HttpServer Object
 *RECURSION*
                            [1] => onClose
                        )

                    [onPacket] => 
                    [onBufferFull] => 
                    [onBufferEmpty] => 
                    [onRequest] => 
                    [onHandShake] => 
                    [onMessage] => 
                    [onOpen] => 
                    [host] => 127.0.0.1
                    [port] => 9951
                    [type] => 1
                    [sock] => 3
                    [setting] => Array
                        (
                            [daemonize] => 1
                            [reactor_num] => 2
                            [worker_num] => 4
                            [backlog] => 128
                            [max_request] => 50
                            [dispatch_mode] => 3
                            [heartbeat_check_interval] => 30
                            [heartbeat_idle_time] => 60
                            [log_file] => /Users/charlesdong/Projects/PHP/swoole/swoole_http_server.log
                        )

                    [connections] => Swoole\Connection\Iterator Object
                        (
                        )

                )

        )

    [master_pid] => 1390
    [manager_pid] => 1391
    [worker_id] => 3
    [taskworker] => 
    [worker_pid] => 1395
    [onRequest] => Array
        (
            [0] => Charles\HttpServer Object
 *RECURSION*
            [1] => onRequest
        )

    [onHandshake] => 
    [setting] => Array
        (
            [daemonize] => 1
            [reactor_num] => 2
            [worker_num] => 4
            [backlog] => 128
            [max_request] => 50
            [dispatch_mode] => 3
            [heartbeat_check_interval] => 30
            [heartbeat_idle_time] => 60
            [log_file] => /Users/charlesdong/Projects/PHP/swoole/swoole_http_server.log
            [open_http_protocol] => 1
            [open_mqtt_protocol] => 
            [open_eof_check] => 
            [open_length_check] => 
            [task_worker_num] => 0
            [buffer_output_size] => 2097152
            [max_connection] => 256
        )

)

[2018-10-07 12:19:41]httpHandler-0 | 
[2018-10-07 12:19:41]httpHandler-0 | 
[2018-10-07 12:19:41]httpHandler-1 | Charles\HttpHandler Object
(
)

[2018-10-07 12:19:41]httpHandler-1 | Charles\HttpHandler Object
(
)

[2018-10-07 12:19:41]httpHandler-1 | Charles\HttpHandler Object
(
)

